<?xml version="1.0" encoding="UTF-8"?>
<testng-results skipped="0" failed="0" ignored="0" total="1" passed="1">
  <reporter-output>
  </reporter-output>
  <suite name="Default suite" duration-ms="23427" started-at="2020-06-03T16:24:12Z" finished-at="2020-06-03T16:24:36Z">
    <groups>
      <group name="cucumber">
        <method signature="AbstractTestNGCucumberTests.feature(cucumber.api.testng.CucumberFeatureWrapper)[pri:0, instance:testRunner.Runner@4cf777e8]" name="feature" class="cucumber.api.testng.AbstractTestNGCucumberTests"/>
      </group> <!-- cucumber -->
    </groups>
    <test name="Default test" duration-ms="23427" started-at="2020-06-03T16:24:12Z" finished-at="2020-06-03T16:24:36Z">
      <class name="testRunner.Runner">
        <test-method status="PASS" signature="setUpClass()[pri:0, instance:testRunner.Runner@4cf777e8]" name="setUpClass" is-config="true" duration-ms="191" started-at="2020-06-03T16:24:12Z" finished-at="2020-06-03T16:24:13Z">
          <reporter-output>
          </reporter-output>
        </test-method> <!-- setUpClass -->
        <test-method status="PASS" signature="feature(cucumber.api.testng.CucumberFeatureWrapper)[pri:0, instance:testRunner.Runner@4cf777e8]" name="feature" duration-ms="23154" started-at="2020-06-03T16:24:13Z" description="Runs Cucumber Feature" data-provider="features" finished-at="2020-06-03T16:24:36Z">
          <params>
            <param index="0">
              <value>
                <![CDATA[Application login]]>
              </value>
            </param>
          </params>
          <reporter-output>
          </reporter-output>
        </test-method> <!-- feature -->
        <test-method status="PASS" signature="tearDownClass()[pri:0, instance:testRunner.Runner@4cf777e8]" name="tearDownClass" is-config="true" duration-ms="4" started-at="2020-06-03T16:24:36Z" finished-at="2020-06-03T16:24:36Z">
          <reporter-output>
          </reporter-output>
        </test-method> <!-- tearDownClass -->
      </class> <!-- testRunner.Runner -->
    </test> <!-- Default test -->
  </suite> <!-- Default suite -->
</testng-results>
