<?xml version="1.0" encoding="UTF-8"?>
<!-- Generated by org.testng.reporters.JUnitXMLReporter -->
<testsuite hostname="DELL-PC" ignored="0" name="Validate text in Page" tests="2" failures="1" timestamp="18 May 2020 10:00:04 GMT" time="171.638" errors="0">
  <testcase name="HeaderValidation" time="0.298" classname="Academy.ValidateTextInPage">
    <failure type="java.lang.NullPointerException">
      <![CDATA[java.lang.NullPointerException
at Academy.ValidateTextInPage.HeaderValidation(ValidateTextInPage.java:46)
... Removed 29 stack frames]]>
    </failure>
  </testcase> <!-- HeaderValidation -->
  <testcase name="TextValidationInPage" time="6.679" classname="Academy.ValidateTextInPage"/>
</testsuite> <!-- Validate text in Page -->
